<?xml version="1.0" encoding="UTF-8" ?>
<testsuite errors="0" failures="0" hostname="francescos-imac.home" name="TestPrime" skipped="0" tests="1" time="0.058" timestamp="2014-10-11T18:31:43">
  <properties>
    <property name="java.vendor" value="Apple Inc." />
    <property name="sun.java.launcher" value="SUN_STANDARD" />
    <property name="eclipse.pdebuild.templates" value="/Users/FrankGiordano/Downloads/eclipse/plugins/org.eclipse.pde.build_3.9.0.v20140415-2029/templates//" />
    <property name="sun.management.compiler" value="HotSpot 64-Bit Tiered Compilers" />
    <property name="os.name" value="Mac OS X" />
    <property name="sun.boot.class.path" value="/System/Library/Java/JavaVirtualMachines/1.6.0.jdk/Contents/Classes/jsfd.jar:/System/Library/Java/JavaVirtualMachines/1.6.0.jdk/Contents/Classes/classes.jar:/System/Library/Frameworks/JavaVM.framework/Frameworks/JavaRuntimeSupport.framework/Resources/Java/JavaRuntimeSupport.jar:/System/Library/Java/JavaVirtualMachines/1.6.0.jdk/Contents/Classes/ui.jar:/System/Library/Java/JavaVirtualMachines/1.6.0.jdk/Contents/Classes/laf.jar:/System/Library/Java/JavaVirtualMachines/1.6.0.jdk/Contents/Classes/sunrsasign.jar:/System/Library/Java/JavaVirtualMachines/1.6.0.jdk/Contents/Classes/jsse.jar:/System/Library/Java/JavaVirtualMachines/1.6.0.jdk/Contents/Classes/jce.jar:/System/Library/Java/JavaVirtualMachines/1.6.0.jdk/Contents/Classes/charsets.jar" />
    <property name="java.vm.specification.vendor" value="Sun Microsystems Inc." />
    <property name="ant.home" value="/Users/FrankGiordano/Downloads/eclipse/plugins/org.apache.ant_1.9.2.v201404171502" />
    <property name="java.runtime.version" value="1.6.0_65-b14-462-11M4609" />
    <property name="user.name" value="FrankGiordano" />
    <property name="awt.nativeDoubleBuffering" value="true" />
    <property name="build.dir" value="build" />
    <property name="user.language" value="en" />
    <property name="sun.boot.library.path" value="/System/Library/Java/JavaVirtualMachines/1.6.0.jdk/Contents/Libraries" />
    <property name="reports.dir" value="reports" />
    <property name="ant.project.default-target" value="test" />
    <property name="ant.project.name" value="JUnit Example" />
    <property name="java.version" value="1.6.0_65" />
    <property name="user.timezone" value="" />
    <property name="sun.arch.data.model" value="64" />
    <property name="http.nonProxyHosts" value="local|*.local|169.254/16|*.169.254/16" />
    <property name="java.endorsed.dirs" value="/System/Library/Java/JavaVirtualMachines/1.6.0.jdk/Contents/Home/lib/endorsed" />
    <property name="sun.cpu.isalist" value="" />
    <property name="sun.jnu.encoding" value="MacRoman" />
    <property name="file.encoding.pkg" value="sun.io" />
    <property name="file.separator" value="/" />
    <property name="java.specification.name" value="Java Platform API Specification" />
    <property name="java.class.version" value="50.0" />
    <property name="user.country" value="US" />
    <property name="java.home" value="/System/Library/Java/JavaVirtualMachines/1.6.0.jdk/Contents/Home" />
    <property name="java.vm.info" value="mixed mode" />
    <property name="ant.file" value="/Users/FrankGiordano/Documents/workspace/FactoryOfPrime/junit/junit.xml" />
    <property name="os.version" value="10.9.5" />
    <property name="path.separator" value=":" />
    <property name="java.vm.version" value="20.65-b04-462" />
    <property name="ant.library.dir" value="/Users/FrankGiordano/Downloads/eclipse/plugins/org.apache.ant_1.9.2.v201404171502/lib" />
    <property name="java.awt.printerjob" value="apple.awt.CPrinterJob" />
    <property name="sun.io.unicode.encoding" value="UnicodeLittle" />
    <property name="awt.toolkit" value="apple.awt.CToolkit" />
    <property name="socksNonProxyHosts" value="local|*.local|169.254/16|*.169.254/16" />
    <property name="ftp.nonProxyHosts" value="local|*.local|169.254/16|*.169.254/16" />
    <property name="eclipse.pdebuild.scripts" value="/Users/FrankGiordano/Downloads/eclipse/plugins/org.eclipse.pde.build_3.9.0.v20140415-2029/scripts//" />
    <property name="user.home" value="/Users/FrankGiordano" />
    <property name="java.specification.vendor" value="Sun Microsystems Inc." />
    <property name="java.library.path" value=".:/Library/Java/Extensions:/System/Library/Java/Extensions:/usr/lib/java" />
    <property name="java.vendor.url" value="http://www.apple.com/" />
    <property name="java.vm.vendor" value="Apple Inc." />
    <property name="gopherProxySet" value="false" />
    <property name="java.runtime.name" value="Java(TM) SE Runtime Environment" />
    <property name="sun.java.command" value="org.apache.tools.ant.taskdefs.optional.junit.JUnitTestRunner TestPrime filtertrace=true haltOnError=false haltOnFailure=true formatter=org.apache.tools.ant.taskdefs.optional.junit.SummaryJUnitResultFormatter showoutput=true outputtoformatters=true logfailedtests=true logtestlistenerevents=false formatter=org.apache.tools.ant.taskdefs.optional.junit.XMLJUnitResultFormatter,/Users/FrankGiordano/Documents/workspace/FactoryOfPrime/junit/reports/TEST-TestPrime.xml formatter=org.apache.tools.ant.taskdefs.optional.junit.XMLJUnitResultFormatter,/Users/FrankGiordano/Documents/workspace/FactoryOfPrime/junit/reports/TEST-TestPrime.xml crashfile=/Users/FrankGiordano/Documents/workspace/FactoryOfPrime/junit/junitvmwatcher5986520555774779651.properties propsfile=/Users/FrankGiordano/Documents/workspace/FactoryOfPrime/junit/junit2731431063358861039.properties" />
    <property name="java.class.path" value="/Users/FrankGiordano/Documents/workspace/FactoryOfPrime/junit/lib/junit.jar:/Users/FrankGiordano/Documents/workspace/FactoryOfPrime/junit/build:/Users/FrankGiordano/Downloads/eclipse/plugins/org.apache.ant_1.9.2.v201404171502/lib/ant-launcher.jar:/Users/FrankGiordano/Downloads/eclipse/plugins/org.apache.ant_1.9.2.v201404171502/lib/ant.jar:/Users/FrankGiordano/Downloads/eclipse/plugins/org.apache.ant_1.9.2.v201404171502/lib/ant-junit.jar:/Users/FrankGiordano/Downloads/eclipse/plugins/org.apache.ant_1.9.2.v201404171502/lib/ant-junit4.jar" />
    <property name="ant.version" value="Apache Ant(TM) version 1.9.2 compiled on July 8 2013" />
    <property name="java.vm.specification.name" value="Java Virtual Machine Specification" />
    <property name="ant.file.JUnit Example" value="/Users/FrankGiordano/Documents/workspace/FactoryOfPrime/junit/junit.xml" />
    <property name="java.vm.specification.version" value="1.0" />
    <property name="sun.cpu.endian" value="little" />
    <property name="sun.os.patch.level" value="unknown" />
    <property name="eclipse.pdebuild.home" value="/Users/FrankGiordano/Downloads/eclipse/plugins/org.eclipse.pde.build_3.9.0.v20140415-2029/.//" />
    <property name="java.io.tmpdir" value="/var/folders/1r/n34f3z712fvdnw9k386czl700000gn/T/" />
    <property name="java.vendor.url.bug" value="http://bugreport.apple.com/" />
    <property name="mrj.build" value="11M4609" />
    <property name="os.arch" value="x86_64" />
    <property name="java.awt.graphicsenv" value="apple.awt.CGraphicsEnvironment" />
    <property name="java.ext.dirs" value="/Library/Java/Extensions:/System/Library/Java/Extensions:/System/Library/Java/JavaVirtualMachines/1.6.0.jdk/Contents/Home/lib/ext" />
    <property name="mrj.version" value="1070.1.6.0_65-462" />
    <property name="user.dir" value="/Users/FrankGiordano/Documents/workspace/FactoryOfPrime/junit" />
    <property name="line.separator" value="&#xa;" />
    <property name="java.vm.name" value="Java HotSpot(TM) 64-Bit Server VM" />
    <property name="basedir" value="/Users/FrankGiordano/Documents/workspace/FactoryOfPrime/junit" />
    <property name="ant.java.version" value="1.6" />
    <property name="ant.file.type.JUnit Example" value="file" />
    <property name="ant.core.lib" value="/Users/FrankGiordano/Downloads/eclipse/plugins/org.apache.ant_1.9.2.v201404171502/lib/ant.jar" />
    <property name="file.encoding" value="MacRoman" />
    <property name="java.specification.version" value="1.6" />
    <property name="src.dir" value="../src" />
    <property name="ant.project.invoked-targets" value="test" />
  </properties>
  <testcase classname="TestPrime" name="testPrimeFactor" time="0.03" />
  <system-out><![CDATA[]]></system-out>
  <system-err><![CDATA[]]></system-err>
</testsuite>
